<?xml version="1.0" encoding="UTF-8"?>
<!-- Generated by org.testng.reporters.JUnitXMLReporter -->
<testsuite ignored="0" hostname="DESKTOP-EJU0EVA" failures="0" tests="1" name="Test" time="0.125" errors="0" timestamp="2024-09-13T10:35:46 IST">
  <testcase classname="Testcases.Baseclass" name="@BeforeClass OpenApplication" time="-1.726203946504E9">
    <failure type="org.testng.TestNGException" message="
Parameter &amp;apos;browser&amp;apos; is required by BeforeClass on method OpenApplication but has not been marked @Optional or defined
in C:\mavenproject\framework\testng1.xml">
      <![CDATA[org.testng.TestNGException: 
Parameter 'browser' is required by BeforeClass on method OpenApplication but has not been marked @Optional or defined
in C:\mavenproject\framework\testng1.xml
at java.base/java.util.ArrayList.forEach(ArrayList.java:1596)
... Removed 22 stack frames]]>
    </failure>
  </testcase> <!-- @BeforeClass OpenApplication -->
  <testcase classname="Testcases.Baseclass" name="@AfterClass CloseApplication" time="0.0">
    <skipped/>
  </testcase> <!-- @AfterClass CloseApplication -->
  <testcase classname="hybirdbase.tc_001" name="logintest" time="0.0">
    <skipped/>
  </testcase> <!-- logintest -->
</testsuite> <!-- Test -->
